<?xml version="1.0" encoding="UTF-8"?>
<testsuite name="tests.UnrelatedAdditionalTest" tests="1" skipped="0" failures="0" errors="0" timestamp="2025-06-07T09:13:54" hostname="anastasijazaluninas-MacBook-Pro.local" time="1.589">
  <properties/>
  <testcase name="homePageTest" classname="tests.UnrelatedAdditionalTest" time="1.589"/>
  <system-out><![CDATA[]]></system-out>
  <system-err><![CDATA[]]></system-err>
</testsuite>
